[2024-08-17 07:13:54,000: INFO: common: yaml file: config\config.yaml loaded successfully]
[2024-08-17 07:13:54,004: INFO: common: yaml file: params.yaml loaded successfully]
[2024-08-17 07:13:54,009: INFO: common: yaml file: schema.yaml loaded successfully]
[2024-08-17 07:13:54,011: INFO: common: created directory at: artifacts]
[2024-08-17 07:13:54,013: INFO: common: created directory at: artifacts/data_validation]
[2024-08-17 07:16:15,428: INFO: common: yaml file: config\config.yaml loaded successfully]
[2024-08-17 07:16:15,433: INFO: common: yaml file: params.yaml loaded successfully]
[2024-08-17 07:16:15,447: INFO: common: yaml file: schema.yaml loaded successfully]
[2024-08-17 07:16:15,448: INFO: common: created directory at: artifacts]
[2024-08-17 07:16:15,452: INFO: common: created directory at: artifacts/data_validation]
[2024-08-22 07:05:01,114: INFO: common: yaml file: config\config.yaml loaded successfully]
[2024-08-22 07:05:01,118: INFO: common: yaml file: params.yaml loaded successfully]
[2024-08-22 07:05:01,125: INFO: common: yaml file: schema.yaml loaded successfully]
[2024-08-22 07:05:01,128: INFO: common: created directory at: artifacts]
[2024-08-22 07:05:01,129: INFO: common: created directory at: artifacts/data_transformation]
[2024-08-22 07:05:01,597: INFO: 1931293658: Train and Test split done]
[2024-08-22 07:05:01,597: INFO: 1931293658: (22500, 24)]
[2024-08-22 07:05:01,597: INFO: 1931293658: (7500, 24)]
[2024-08-22 07:14:39,361: INFO: common: yaml file: config\config.yaml loaded successfully]
[2024-08-22 07:14:39,368: INFO: common: yaml file: params.yaml loaded successfully]
[2024-08-22 07:14:39,376: INFO: common: yaml file: schema.yaml loaded successfully]
[2024-08-22 07:14:39,379: INFO: common: created directory at: artifacts]
[2024-08-22 07:14:39,380: INFO: common: created directory at: artifacts/data_transformation]
[2024-08-22 07:14:40,603: INFO: 139131716: Train and Test split done]
[2024-08-22 07:14:40,603: INFO: 139131716: (22500, 24)]
[2024-08-22 07:14:40,607: INFO: 139131716: (7500, 24)]
